[ 2026-03-11 03:00:10,452 ] 30 root - INFO - ============================================================
[ 2026-03-11 03:00:10,455 ] 31 root - INFO - STEP 1: Data Ingestion
[ 2026-03-11 03:00:10,456 ] 32 root - INFO - ============================================================
[ 2026-03-11 03:00:10,456 ] 93 root - INFO - Starting data ingestion
[ 2026-03-11 03:00:10,456 ] 32 root - INFO - Connecting to MongoDB: varuntejamekala.NetworkData
[ 2026-03-11 03:00:13,157 ] 42 root - INFO - Loaded 7,043 records from MongoDB
[ 2026-03-11 03:00:13,240 ] 54 root - INFO - Feature store saved: Artifacts\03_11_2026_03_00_04\data_ingestion\feature_store\Telco-Customer-Churn.csv
[ 2026-03-11 03:00:13,240 ] 77 root - INFO - Split complete — Train: 5,634 | Test: 1,409
[ 2026-03-11 03:00:13,290 ] 86 root - INFO - Train and test CSVs saved.
[ 2026-03-11 03:00:13,290 ] 102 root - INFO - Data ingestion complete: DataIngestionArtifact(trained_file_path='Artifacts\\03_11_2026_03_00_04\\data_ingestion\\ingested\\train.csv', test_file_path='Artifacts\\03_11_2026_03_00_04\\data_ingestion\\ingested\\test.csv')
[ 2026-03-11 03:00:13,290 ] 36 root - INFO - Data Ingestion complete: DataIngestionArtifact(trained_file_path='Artifacts\\03_11_2026_03_00_04\\data_ingestion\\ingested\\train.csv', test_file_path='Artifacts\\03_11_2026_03_00_04\\data_ingestion\\ingested\\test.csv')
[ 2026-03-11 03:00:13,290 ] 41 root - INFO - ============================================================
[ 2026-03-11 03:00:13,290 ] 42 root - INFO - STEP 2: Data Validation
[ 2026-03-11 03:00:13,290 ] 43 root - INFO - ============================================================
[ 2026-03-11 03:00:13,384 ] 38 root - INFO - Column count — expected: 21, actual: 21
[ 2026-03-11 03:00:13,384 ] 38 root - INFO - Column count — expected: 21, actual: 21
[ 2026-03-11 03:00:13,384 ] 48 root - INFO - Column name validation passed
[ 2026-03-11 03:00:13,384 ] 48 root - INFO - Column name validation passed
[ 2026-03-11 03:00:13,407 ] 116 root - INFO - Drift check complete. Drifted columns (0): []
[ 2026-03-11 03:00:13,440 ] 171 root - INFO - Data validation complete: DataValidationArtifact(validation_status=True, valid_train_file_path='Artifacts\\03_11_2026_03_00_04\\data_validation\\validated\\train.csv', valid_test_file_path='Artifacts\\03_11_2026_03_00_04\\data_validation\\validated\\test.csv', invalid_train_file_path='Artifacts\\03_11_2026_03_00_04\\data_validation\\invalid\\train.csv', invalid_test_file_path='Artifacts\\03_11_2026_03_00_04\\data_validation\\invalid\\test.csv', drift_report_file_path='Artifacts\\03_11_2026_03_00_04\\data_validation\\drift_report\\report.yaml')
[ 2026-03-11 03:00:13,440 ] 47 root - INFO - Data Validation complete: DataValidationArtifact(validation_status=True, valid_train_file_path='Artifacts\\03_11_2026_03_00_04\\data_validation\\validated\\train.csv', valid_test_file_path='Artifacts\\03_11_2026_03_00_04\\data_validation\\validated\\test.csv', invalid_train_file_path='Artifacts\\03_11_2026_03_00_04\\data_validation\\invalid\\train.csv', invalid_test_file_path='Artifacts\\03_11_2026_03_00_04\\data_validation\\invalid\\test.csv', drift_report_file_path='Artifacts\\03_11_2026_03_00_04\\data_validation\\drift_report\\report.yaml')
[ 2026-03-11 03:00:13,440 ] 52 root - INFO - ============================================================
[ 2026-03-11 03:00:13,440 ] 53 root - INFO - STEP 3: Data Transformation
[ 2026-03-11 03:00:13,440 ] 54 root - INFO - ============================================================
[ 2026-03-11 03:00:13,440 ] 151 root - INFO - Starting data transformation
[ 2026-03-11 03:00:13,544 ] 93 root - INFO - Building preprocessing ColumnTransformer
[ 2026-03-11 03:00:13,626 ] 56 root - INFO - Saving object to: Artifacts\03_11_2026_03_00_04\data_transformation\transformed_object\preprocessing.pkl
[ 2026-03-11 03:00:13,626 ] 56 root - INFO - Saving object to: final_model/preprocessor.pkl
[ 2026-03-11 03:00:13,626 ] 206 root - INFO - Data transformation complete: DataTransformationArtifact(transformed_object_file_path='Artifacts\\03_11_2026_03_00_04\\data_transformation\\transformed_object\\preprocessing.pkl', transformed_train_file_path='Artifacts\\03_11_2026_03_00_04\\data_transformation\\transformed\\train.npy', transformed_test_file_path='Artifacts\\03_11_2026_03_00_04\\data_transformation\\transformed\\test.npy')
[ 2026-03-11 03:00:13,626 ] 60 root - INFO - Data Transformation complete: DataTransformationArtifact(transformed_object_file_path='Artifacts\\03_11_2026_03_00_04\\data_transformation\\transformed_object\\preprocessing.pkl', transformed_train_file_path='Artifacts\\03_11_2026_03_00_04\\data_transformation\\transformed\\train.npy', transformed_test_file_path='Artifacts\\03_11_2026_03_00_04\\data_transformation\\transformed\\test.npy')
[ 2026-03-11 03:00:13,626 ] 65 root - INFO - ============================================================
[ 2026-03-11 03:00:13,626 ] 66 root - INFO - STEP 4: Model Training
[ 2026-03-11 03:00:13,626 ] 67 root - INFO - ============================================================
[ 2026-03-11 03:00:13,657 ] 103 root - INFO - Applying SMOTE to balance training dataset
[ 2026-03-11 03:00:13,954 ] 106 root - INFO - Post-SMOTE shapes — X: (8278, 55), y: (8278,)
[ 2026-03-11 03:00:13,954 ] 98 root - INFO - Running GridSearchCV for: Random Forest
[ 2026-03-11 03:00:53,902 ] 112 root - INFO - Random Forest best params: {'max_depth': 20, 'min_samples_leaf': 1, 'min_samples_split': 5, 'n_estimators': 400}
[ 2026-03-11 03:00:53,986 ] 124 root - INFO - Random Forest — Test F1: 0.6097
[ 2026-03-11 03:00:53,986 ] 98 root - INFO - Running GridSearchCV for: XGBoost
[ 2026-03-11 03:01:04,826 ] 112 root - INFO - XGBoost best params: {'colsample_bytree': 1.0, 'learning_rate': 0.05, 'max_depth': 5, 'n_estimators': 200, 'subsample': 0.8}
[ 2026-03-11 03:01:04,837 ] 124 root - INFO - XGBoost — Test F1: 0.6260
[ 2026-03-11 03:01:04,837 ] 98 root - INFO - Running GridSearchCV for: AdaBoost
[ 2026-03-11 03:01:14,666 ] 112 root - INFO - AdaBoost best params: {'learning_rate': 0.1, 'n_estimators': 200}
[ 2026-03-11 03:01:14,769 ] 124 root - INFO - AdaBoost — Test F1: 0.4195
[ 2026-03-11 03:01:14,769 ] 157 root - INFO - Best model: XGBoost — Test F1: 0.6260
[ 2026-03-11 03:01:15,407 ] 183 root - INFO - Train — F1: 0.8833 | ROC-AUC: 0.9618
[ 2026-03-11 03:01:15,407 ] 184 root - INFO - Test  — F1: 0.6260  | ROC-AUC: 0.8395
[ 2026-03-11 03:01:15,407 ] 88 root - WARNING - [XGBoost] Possible overfitting — Train F1: 0.8833, Test F1: 0.6260, Diff: 0.2574 > threshold: 0.05
[ 2026-03-11 03:01:20,299 ] 868 urllib3.connectionpool - WARNING - Retrying (Retry(total=6, connect=6, read=7, redirect=7, status=7)) after connection broken by 'NewConnectionError("HTTPConnection(host='127.0.0.1', port=5000): Failed to establish a new connection: [WinError 10061] No connection could be made because the target machine actively refused it")': /api/2.0/mlflow/experiments/get-by-name?experiment_name=Churn+Prediction
[ 2026-03-11 03:01:26,507 ] 868 urllib3.connectionpool - WARNING - Retrying (Retry(total=5, connect=5, read=7, redirect=7, status=7)) after connection broken by 'NewConnectionError("HTTPConnection(host='127.0.0.1', port=5000): Failed to establish a new connection: [WinError 10061] No connection could be made because the target machine actively refused it")': /api/2.0/mlflow/experiments/get-by-name?experiment_name=Churn+Prediction
[ 2026-03-11 03:01:36,828 ] 868 urllib3.connectionpool - WARNING - Retrying (Retry(total=4, connect=4, read=7, redirect=7, status=7)) after connection broken by 'NewConnectionError("HTTPConnection(host='127.0.0.1', port=5000): Failed to establish a new connection: [WinError 10061] No connection could be made because the target machine actively refused it")': /api/2.0/mlflow/experiments/get-by-name?experiment_name=Churn+Prediction
[ 2026-03-11 03:01:55,527 ] 868 urllib3.connectionpool - WARNING - Retrying (Retry(total=3, connect=3, read=7, redirect=7, status=7)) after connection broken by 'NewConnectionError("HTTPConnection(host='127.0.0.1', port=5000): Failed to establish a new connection: [WinError 10061] No connection could be made because the target machine actively refused it")': /api/2.0/mlflow/experiments/get-by-name?experiment_name=Churn+Prediction
