[ 2026-03-10 05:36:56,735 ] 30 root - INFO - ============================================================
[ 2026-03-10 05:36:56,735 ] 31 root - INFO - STEP 1: Data Ingestion
[ 2026-03-10 05:36:56,735 ] 32 root - INFO - ============================================================
[ 2026-03-10 05:36:56,735 ] 93 root - INFO - Starting data ingestion
[ 2026-03-10 05:36:56,735 ] 32 root - INFO - Connecting to MongoDB: varuntejamekala.NetworkData
[ 2026-03-10 05:37:01,714 ] 42 root - INFO - Loaded 7,043 records from MongoDB
[ 2026-03-10 05:37:01,743 ] 54 root - INFO - Feature store saved: Artifacts\03_10_2026_05_36_54\data_ingestion\feature_store\Telco-Customer-Churn.csv
[ 2026-03-10 05:37:01,756 ] 77 root - INFO - Split complete — Train: 5,634 | Test: 1,409
[ 2026-03-10 05:37:01,785 ] 86 root - INFO - Train and test CSVs saved.
[ 2026-03-10 05:37:01,785 ] 102 root - INFO - Data ingestion complete: DataIngestionArtifact(trained_file_path='Artifacts\\03_10_2026_05_36_54\\data_ingestion\\ingested\\train.csv', test_file_path='Artifacts\\03_10_2026_05_36_54\\data_ingestion\\ingested\\test.csv')
[ 2026-03-10 05:37:01,793 ] 36 root - INFO - Data Ingestion complete: DataIngestionArtifact(trained_file_path='Artifacts\\03_10_2026_05_36_54\\data_ingestion\\ingested\\train.csv', test_file_path='Artifacts\\03_10_2026_05_36_54\\data_ingestion\\ingested\\test.csv')
[ 2026-03-10 05:37:01,793 ] 41 root - INFO - ============================================================
[ 2026-03-10 05:37:01,793 ] 42 root - INFO - STEP 2: Data Validation
[ 2026-03-10 05:37:01,793 ] 43 root - INFO - ============================================================
[ 2026-03-10 05:37:01,832 ] 38 root - INFO - Column count — expected: 21, actual: 21
[ 2026-03-10 05:37:01,832 ] 38 root - INFO - Column count — expected: 21, actual: 21
[ 2026-03-10 05:37:01,832 ] 48 root - INFO - Column name validation passed
[ 2026-03-10 05:37:01,832 ] 48 root - INFO - Column name validation passed
[ 2026-03-10 05:37:01,864 ] 116 root - INFO - Drift check complete. Drifted columns (0): []
[ 2026-03-10 05:37:01,904 ] 171 root - INFO - Data validation complete: DataValidationArtifact(validation_status=True, valid_train_file_path='Artifacts\\03_10_2026_05_36_54\\data_validation\\validated\\train.csv', valid_test_file_path='Artifacts\\03_10_2026_05_36_54\\data_validation\\validated\\test.csv', invalid_train_file_path='Artifacts\\03_10_2026_05_36_54\\data_validation\\invalid\\train.csv', invalid_test_file_path='Artifacts\\03_10_2026_05_36_54\\data_validation\\invalid\\test.csv', drift_report_file_path='Artifacts\\03_10_2026_05_36_54\\data_validation\\drift_report\\report.yaml')
[ 2026-03-10 05:37:01,904 ] 47 root - INFO - Data Validation complete: DataValidationArtifact(validation_status=True, valid_train_file_path='Artifacts\\03_10_2026_05_36_54\\data_validation\\validated\\train.csv', valid_test_file_path='Artifacts\\03_10_2026_05_36_54\\data_validation\\validated\\test.csv', invalid_train_file_path='Artifacts\\03_10_2026_05_36_54\\data_validation\\invalid\\train.csv', invalid_test_file_path='Artifacts\\03_10_2026_05_36_54\\data_validation\\invalid\\test.csv', drift_report_file_path='Artifacts\\03_10_2026_05_36_54\\data_validation\\drift_report\\report.yaml')
[ 2026-03-10 05:37:01,904 ] 52 root - INFO - ============================================================
[ 2026-03-10 05:37:01,904 ] 53 root - INFO - STEP 3: Data Transformation
[ 2026-03-10 05:37:01,904 ] 54 root - INFO - ============================================================
[ 2026-03-10 05:37:01,904 ] 151 root - INFO - Starting data transformation
[ 2026-03-10 05:37:01,990 ] 93 root - INFO - Building preprocessing ColumnTransformer
[ 2026-03-10 05:37:02,048 ] 56 root - INFO - Saving object to: Artifacts\03_10_2026_05_36_54\data_transformation\transformed_object\preprocessing.pkl
[ 2026-03-10 05:37:02,048 ] 56 root - INFO - Saving object to: final_model/preprocessor.pkl
[ 2026-03-10 05:37:02,048 ] 206 root - INFO - Data transformation complete: DataTransformationArtifact(transformed_object_file_path='Artifacts\\03_10_2026_05_36_54\\data_transformation\\transformed_object\\preprocessing.pkl', transformed_train_file_path='Artifacts\\03_10_2026_05_36_54\\data_transformation\\transformed\\train.npy', transformed_test_file_path='Artifacts\\03_10_2026_05_36_54\\data_transformation\\transformed\\test.npy')
[ 2026-03-10 05:37:02,051 ] 60 root - INFO - Data Transformation complete: DataTransformationArtifact(transformed_object_file_path='Artifacts\\03_10_2026_05_36_54\\data_transformation\\transformed_object\\preprocessing.pkl', transformed_train_file_path='Artifacts\\03_10_2026_05_36_54\\data_transformation\\transformed\\train.npy', transformed_test_file_path='Artifacts\\03_10_2026_05_36_54\\data_transformation\\transformed\\test.npy')
[ 2026-03-10 05:37:02,051 ] 65 root - INFO - ============================================================
[ 2026-03-10 05:37:02,051 ] 66 root - INFO - STEP 4: Model Training
[ 2026-03-10 05:37:02,051 ] 67 root - INFO - ============================================================
[ 2026-03-10 05:37:02,067 ] 103 root - INFO - Applying SMOTE to balance training dataset
[ 2026-03-10 05:37:02,241 ] 106 root - INFO - Post-SMOTE shapes — X: (8278, 55), y: (8278,)
[ 2026-03-10 05:37:02,241 ] 98 root - INFO - Running GridSearchCV for: Random Forest
[ 2026-03-10 05:37:19,895 ] 112 root - INFO - Random Forest best params: {'max_depth': 20, 'min_samples_leaf': 1, 'min_samples_split': 5, 'n_estimators': 400}
[ 2026-03-10 05:37:19,974 ] 124 root - INFO - Random Forest — Test F1: 0.6097
[ 2026-03-10 05:37:19,974 ] 98 root - INFO - Running GridSearchCV for: XGBoost
[ 2026-03-10 05:37:30,141 ] 112 root - INFO - XGBoost best params: {'colsample_bytree': 1.0, 'learning_rate': 0.05, 'max_depth': 5, 'n_estimators': 200, 'subsample': 0.8}
[ 2026-03-10 05:37:30,146 ] 124 root - INFO - XGBoost — Test F1: 0.6260
[ 2026-03-10 05:37:30,146 ] 98 root - INFO - Running GridSearchCV for: AdaBoost
[ 2026-03-10 05:37:36,106 ] 112 root - INFO - AdaBoost best params: {'learning_rate': 0.1, 'n_estimators': 200}
[ 2026-03-10 05:37:36,144 ] 124 root - INFO - AdaBoost — Test F1: 0.4195
[ 2026-03-10 05:37:36,144 ] 157 root - INFO - Best model: XGBoost — Test F1: 0.6260
[ 2026-03-10 05:37:36,447 ] 183 root - INFO - Train — F1: 0.8833 | ROC-AUC: 0.9618
[ 2026-03-10 05:37:36,447 ] 184 root - INFO - Test  — F1: 0.6260  | ROC-AUC: 0.8395
[ 2026-03-10 05:37:36,447 ] 88 root - WARNING - [XGBoost] Possible overfitting — Train F1: 0.8833, Test F1: 0.6260, Diff: 0.2574 > threshold: 0.05
[ 2026-03-10 05:37:48,114 ] 56 root - INFO - Saving object to: Artifacts\03_10_2026_05_36_54\model_trainer\trained_model\model.pkl
[ 2026-03-10 05:37:48,119 ] 56 root - INFO - Saving object to: final_model/model.pkl
[ 2026-03-10 05:37:48,123 ] 222 root - INFO - Model trainer artifact: ModelTrainerArtifact(trained_model_file_path='Artifacts\\03_10_2026_05_36_54\\model_trainer\\trained_model\\model.pkl', train_metric_artifact=ClassificationMetricArtifact(f1_score=0.8833220491988264, precision_score=0.8287105653186534, recall_score=0.9456390432471612, roc_auc_score=0.9618393993084363), test_metric_artifact=ClassificationMetricArtifact(f1_score=0.6259541984732825, precision_score=0.5285451197053407, recall_score=0.767379679144385, roc_auc_score=0.8395334418352322))
[ 2026-03-10 05:37:48,133 ] 74 root - INFO - Model Training complete: ModelTrainerArtifact(trained_model_file_path='Artifacts\\03_10_2026_05_36_54\\model_trainer\\trained_model\\model.pkl', train_metric_artifact=ClassificationMetricArtifact(f1_score=0.8833220491988264, precision_score=0.8287105653186534, recall_score=0.9456390432471612, roc_auc_score=0.9618393993084363), test_metric_artifact=ClassificationMetricArtifact(f1_score=0.6259541984732825, precision_score=0.5285451197053407, recall_score=0.767379679144385, roc_auc_score=0.8395334418352322))
[ 2026-03-10 05:37:48,133 ] 76 root - INFO - ============================================================
[ 2026-03-10 05:37:48,133 ] 77 root - INFO - PIPELINE COMPLETE \u2713
[ 2026-03-10 05:37:48,133 ] 78 root - INFO - ============================================================
